<?xml version="1.0" encoding="UTF-8"?>
<robot generator="Robot 4.1 (Python 3.6.9 on linux)" generated="20210909 09:12:24.224" rpa="false" schemaversion="2">
<suite id="s1" name="TestCases" source="/home/cihan/PycharmProjects/PageObjectRobot/TestCases">
<suite id="s1-s1" name="LoginTest" source="/home/cihan/PycharmProjects/PageObjectRobot/TestCases/LoginTest.robot">
<kw name="Open my browser" library="LoginKeywords" type="SETUP">
<arg>${SiteUrl}</arg>
<arg>${Browser}</arg>
<kw name="Open Browser" library="SeleniumLibrary">
<arg>${SiteUrl}</arg>
<arg>${Browser}</arg>
<doc>Opens a new browser instance to the optional ``url``.</doc>
<msg timestamp="20210909 09:12:24.348" level="INFO">Opening browser 'chrome' to base url 'http://demo.guru99.com/test/newtours/'.</msg>
<status status="PASS" starttime="20210909 09:12:24.347" endtime="20210909 09:12:26.755"/>
</kw>
<kw name="Maximize Browser Window" library="SeleniumLibrary">
<doc>Maximizes current browser window.</doc>
<status status="PASS" starttime="20210909 09:12:26.755" endtime="20210909 09:12:26.868"/>
</kw>
<status status="PASS" starttime="20210909 09:12:24.347" endtime="20210909 09:12:26.869"/>
</kw>
<test id="s1-s1-t1" name="Login Test Case">
<kw name="Enter Username" library="LoginKeywords">
<arg>${username}</arg>
<kw name="Input Text" library="SeleniumLibrary">
<arg>${txt_loginUsername}</arg>
<arg>${username}</arg>
<doc>Types the given ``text`` into the text field identified by ``locator``.</doc>
<msg timestamp="20210909 09:12:26.881" level="INFO">Typing text 'tutorial' into text field 'name:userName'.</msg>
<status status="PASS" starttime="20210909 09:12:26.879" endtime="20210909 09:12:26.992"/>
</kw>
<status status="PASS" starttime="20210909 09:12:26.877" endtime="20210909 09:12:26.992"/>
</kw>
<kw name="Enter password" library="LoginKeywords">
<arg>${password}</arg>
<kw name="Input Text" library="SeleniumLibrary">
<arg>${txt_password}</arg>
<arg>${password}</arg>
<doc>Types the given ``text`` into the text field identified by ``locator``.</doc>
<msg timestamp="20210909 09:12:26.993" level="INFO">Typing text 'tutorial' into text field 'name:password'.</msg>
<status status="PASS" starttime="20210909 09:12:26.993" endtime="20210909 09:12:27.070"/>
</kw>
<status status="PASS" starttime="20210909 09:12:26.992" endtime="20210909 09:12:27.071"/>
</kw>
<kw name="Click signIn" library="LoginKeywords">
<kw name="Click Button" library="SeleniumLibrary">
<arg>${btn_signIn}</arg>
<doc>Clicks the button identified by ``locator``.</doc>
<msg timestamp="20210909 09:12:27.072" level="INFO">Clicking button 'xpath://input[@name='submit']'.</msg>
<status status="PASS" starttime="20210909 09:12:27.071" endtime="20210909 09:12:27.741"/>
</kw>
<status status="PASS" starttime="20210909 09:12:27.071" endtime="20210909 09:12:27.742"/>
</kw>
<kw name="Sleep" library="BuiltIn">
<arg>2 seconds</arg>
<doc>Pauses the test executed for the given time.</doc>
<msg timestamp="20210909 09:12:29.743" level="INFO">Slept 2 seconds</msg>
<status status="PASS" starttime="20210909 09:12:27.742" endtime="20210909 09:12:29.744"/>
</kw>
<kw name="Verify success login" library="LoginKeywords">
<kw name="Title Should Be" library="SeleniumLibrary">
<arg>Login: Mercury Tours</arg>
<doc>Verifies that the current page title equals ``title``.</doc>
<msg timestamp="20210909 09:12:29.759" level="INFO">Page title is 'Login: Mercury Tours'.</msg>
<status status="PASS" starttime="20210909 09:12:29.746" endtime="20210909 09:12:29.759"/>
</kw>
<status status="PASS" starttime="20210909 09:12:29.744" endtime="20210909 09:12:29.760"/>
</kw>
<status status="PASS" starttime="20210909 09:12:26.869" endtime="20210909 09:12:29.760"/>
</test>
<kw name="Close All Browsers" library="SeleniumLibrary" type="TEARDOWN">
<doc>Closes all open browsers and resets the browser cache.</doc>
<status status="PASS" starttime="20210909 09:12:29.763" endtime="20210909 09:12:29.820"/>
</kw>
<status status="PASS" starttime="20210909 09:12:24.241" endtime="20210909 09:12:29.820"/>
</suite>
<suite id="s1-s2" name="Registertation" source="/home/cihan/PycharmProjects/PageObjectRobot/TestCases/Registertation.robot">
<kw name="Open my Browser" library="RegistrationKeyword" type="SETUP">
<arg>${SiteUrl}</arg>
<arg>${Browser}</arg>
<kw name="Open Browser" library="SeleniumLibrary">
<arg>${SiteUrl}</arg>
<arg>${Browser}</arg>
<doc>Opens a new browser instance to the optional ``url``.</doc>
<msg timestamp="20210909 09:12:29.830" level="INFO">Opening browser 'chrome' to base url 'http://demo.guru99.com/test/newtours/'.</msg>
<status status="PASS" starttime="20210909 09:12:29.830" endtime="20210909 09:12:32.341"/>
</kw>
<kw name="Maximize Browser Window" library="SeleniumLibrary">
<doc>Maximizes current browser window.</doc>
<status status="PASS" starttime="20210909 09:12:32.342" endtime="20210909 09:12:32.453"/>
</kw>
<status status="PASS" starttime="20210909 09:12:29.829" endtime="20210909 09:12:32.453"/>
</kw>
<test id="s1-s2-t1" name="RegistrationTestCase">
<kw name="Sleep" library="BuiltIn">
<arg>2</arg>
<arg>seconds</arg>
<doc>Pauses the test executed for the given time.</doc>
<msg timestamp="20210909 09:12:34.455" level="INFO">Slept 2 seconds</msg>
<msg timestamp="20210909 09:12:34.456" level="INFO">seconds</msg>
<status status="PASS" starttime="20210909 09:12:32.454" endtime="20210909 09:12:34.456"/>
</kw>
<kw name="Click registration" library="RegistrationKeyword">
<kw name="Click Link" library="SeleniumLibrary">
<arg>${link_Reg}</arg>
<doc>Clicks a link identified by ``locator``.</doc>
<msg timestamp="20210909 09:12:34.459" level="INFO">Clicking link 'link:REGISTER'.</msg>
<status status="PASS" starttime="20210909 09:12:34.458" endtime="20210909 09:12:35.194"/>
</kw>
<status status="PASS" starttime="20210909 09:12:34.456" endtime="20210909 09:12:35.196"/>
</kw>
<kw name="Enter first name" library="RegistrationKeyword">
<arg>Cih</arg>
<kw name="Input Text" library="SeleniumLibrary">
<arg>${txt_firstName}</arg>
<arg>${firstname}</arg>
<doc>Types the given ``text`` into the text field identified by ``locator``.</doc>
<msg timestamp="20210909 09:12:35.199" level="INFO">Typing text 'Cih' into text field 'name:firstName'.</msg>
<status status="PASS" starttime="20210909 09:12:35.198" endtime="20210909 09:12:35.308"/>
</kw>
<status status="PASS" starttime="20210909 09:12:35.196" endtime="20210909 09:12:35.308"/>
</kw>
<kw name="Enter last name" library="RegistrationKeyword">
<arg>Barba</arg>
<kw name="Input Text" library="SeleniumLibrary">
<arg>${txt_lastName}</arg>
<arg>${lastname}</arg>
<doc>Types the given ``text`` into the text field identified by ``locator``.</doc>
<msg timestamp="20210909 09:12:35.309" level="INFO">Typing text 'Barba' into text field 'name:lastName'.</msg>
<status status="PASS" starttime="20210909 09:12:35.308" endtime="20210909 09:12:35.395"/>
</kw>
<status status="PASS" starttime="20210909 09:12:35.308" endtime="20210909 09:12:35.395"/>
</kw>
<kw name="Enter phone" library="RegistrationKeyword">
<arg>45464647</arg>
<kw name="Input Text" library="SeleniumLibrary">
<arg>${txt_phone}</arg>
<arg>${phone}</arg>
<doc>Types the given ``text`` into the text field identified by ``locator``.</doc>
<msg timestamp="20210909 09:12:35.397" level="INFO">Typing text '45464647' into text field 'name:phone'.</msg>
<status status="PASS" starttime="20210909 09:12:35.396" endtime="20210909 09:12:35.486"/>
</kw>
<status status="PASS" starttime="20210909 09:12:35.396" endtime="20210909 09:12:35.486"/>
</kw>
<kw name="Enter email" library="RegistrationKeyword">
<arg>ca@yahoo.com</arg>
<kw name="Input Text" library="SeleniumLibrary">
<arg>${txt_email}</arg>
<arg>${email}</arg>
<doc>Types the given ``text`` into the text field identified by ``locator``.</doc>
<msg timestamp="20210909 09:12:35.487" level="INFO">Typing text 'ca@yahoo.com' into text field 'name:email'.</msg>
<status status="PASS" starttime="20210909 09:12:35.487" endtime="20210909 09:12:35.591"/>
</kw>
<status status="PASS" starttime="20210909 09:12:35.486" endtime="20210909 09:12:35.591"/>
</kw>
<kw name="Enter adress" library="RegistrationKeyword">
<arg>terrassa</arg>
<kw name="Input Text" library="SeleniumLibrary">
<arg>${txt_add1}</arg>
<arg>${adress}</arg>
<doc>Types the given ``text`` into the text field identified by ``locator``.</doc>
<msg timestamp="20210909 09:12:35.593" level="INFO">Typing text 'terrassa' into text field 'name:address1'.</msg>
<status status="PASS" starttime="20210909 09:12:35.592" endtime="20210909 09:12:35.679"/>
</kw>
<status status="PASS" starttime="20210909 09:12:35.592" endtime="20210909 09:12:35.680"/>
</kw>
<kw name="Enter city" library="RegistrationKeyword">
<arg>Barcelona</arg>
<kw name="Input Text" library="SeleniumLibrary">
<arg>${txt_city}</arg>
<arg>${city}</arg>
<doc>Types the given ``text`` into the text field identified by ``locator``.</doc>
<msg timestamp="20210909 09:12:35.681" level="INFO">Typing text 'Barcelona' into text field 'name:city'.</msg>
<status status="PASS" starttime="20210909 09:12:35.680" endtime="20210909 09:12:35.759"/>
</kw>
<status status="PASS" starttime="20210909 09:12:35.680" endtime="20210909 09:12:35.759"/>
</kw>
<kw name="Enter state" library="RegistrationKeyword">
<arg>Barcelona</arg>
<kw name="Input Text" library="SeleniumLibrary">
<arg>${txt_state}</arg>
<arg>${state}</arg>
<doc>Types the given ``text`` into the text field identified by ``locator``.</doc>
<msg timestamp="20210909 09:12:35.760" level="INFO">Typing text 'Barcelona' into text field 'name:state'.</msg>
<status status="PASS" starttime="20210909 09:12:35.759" endtime="20210909 09:12:35.838"/>
</kw>
<status status="PASS" starttime="20210909 09:12:35.759" endtime="20210909 09:12:35.838"/>
</kw>
<kw name="Enter Postal Code" library="RegistrationKeyword">
<arg>08223</arg>
<kw name="Input Text" library="SeleniumLibrary">
<arg>${txt_postCode}</arg>
<arg>${postalCode}</arg>
<doc>Types the given ``text`` into the text field identified by ``locator``.</doc>
<msg timestamp="20210909 09:12:35.839" level="INFO">Typing text '08223' into text field 'name:postalCode'.</msg>
<status status="PASS" starttime="20210909 09:12:35.839" endtime="20210909 09:12:35.905"/>
</kw>
<status status="PASS" starttime="20210909 09:12:35.838" endtime="20210909 09:12:35.905"/>
</kw>
<kw name="Select Country" library="RegistrationKeyword">
<arg>SPAIN</arg>
<kw name="Select From List By Label" library="SeleniumLibrary">
<arg>${drp_Country}</arg>
<arg>${country}</arg>
<doc>Selects options from selection list ``locator`` by ``labels``.</doc>
<msg timestamp="20210909 09:12:35.906" level="INFO">Selecting options from selection list 'name:country' by label SPAIN.</msg>
<status status="PASS" starttime="20210909 09:12:35.905" endtime="20210909 09:12:35.967"/>
</kw>
<status status="PASS" starttime="20210909 09:12:35.905" endtime="20210909 09:12:35.967"/>
</kw>
<kw name="Enter user name" library="RegistrationKeyword">
<arg>Canker</arg>
<kw name="Input Text" library="SeleniumLibrary">
<arg>${txt_Username}</arg>
<arg>${user_name}</arg>
<doc>Types the given ``text`` into the text field identified by ``locator``.</doc>
<msg timestamp="20210909 09:12:35.968" level="INFO">Typing text 'Canker' into text field 'name:email'.</msg>
<status status="PASS" starttime="20210909 09:12:35.968" endtime="20210909 09:12:36.025"/>
</kw>
<status status="PASS" starttime="20210909 09:12:35.967" endtime="20210909 09:12:36.025"/>
</kw>
<kw name="Enter Password" library="RegistrationKeyword">
<arg>11223344</arg>
<kw name="Input Text" library="SeleniumLibrary">
<arg>${txt_Password}</arg>
<arg>${password}</arg>
<doc>Types the given ``text`` into the text field identified by ``locator``.</doc>
<msg timestamp="20210909 09:12:36.026" level="INFO">Typing text '11223344' into text field 'name:password'.</msg>
<status status="PASS" starttime="20210909 09:12:36.025" endtime="20210909 09:12:36.102"/>
</kw>
<status status="PASS" starttime="20210909 09:12:36.025" endtime="20210909 09:12:36.103"/>
</kw>
<kw name="Enter confirmed Password" library="RegistrationKeyword">
<arg>11223344</arg>
<kw name="Input Text" library="SeleniumLibrary">
<arg>${txt_conformedPassword}</arg>
<arg>${confirmedpassword}</arg>
<doc>Types the given ``text`` into the text field identified by ``locator``.</doc>
<msg timestamp="20210909 09:12:36.104" level="INFO">Typing text '11223344' into text field 'name:confirmPassword'.</msg>
<status status="PASS" starttime="20210909 09:12:36.104" endtime="20210909 09:12:36.183"/>
</kw>
<status status="PASS" starttime="20210909 09:12:36.103" endtime="20210909 09:12:36.183"/>
</kw>
<kw name="Click Submit" library="RegistrationKeyword">
<kw name="Click Button" library="SeleniumLibrary">
<arg>${txt_submit}</arg>
<doc>Clicks the button identified by ``locator``.</doc>
<msg timestamp="20210909 09:12:36.184" level="INFO">Clicking button 'name:submit'.</msg>
<status status="PASS" starttime="20210909 09:12:36.184" endtime="20210909 09:12:36.875"/>
</kw>
<status status="PASS" starttime="20210909 09:12:36.183" endtime="20210909 09:12:36.876"/>
</kw>
<kw name="Verify successfull registration" library="RegistrationKeyword">
<kw name="Page Should Contain" library="SeleniumLibrary">
<arg>Thank you for registering.</arg>
<doc>Verifies that current page contains ``text``.</doc>
<msg timestamp="20210909 09:12:36.924" level="INFO">Current page contains text 'Thank you for registering.'.</msg>
<status status="PASS" starttime="20210909 09:12:36.879" endtime="20210909 09:12:36.924"/>
</kw>
<status status="PASS" starttime="20210909 09:12:36.877" endtime="20210909 09:12:36.924"/>
</kw>
<kw name="Close my browsers" library="RegistrationKeyword">
<kw name="Close All Browsers" library="SeleniumLibrary">
<doc>Closes all open browsers and resets the browser cache.</doc>
<status status="PASS" starttime="20210909 09:12:36.925" endtime="20210909 09:12:36.984"/>
</kw>
<status status="PASS" starttime="20210909 09:12:36.925" endtime="20210909 09:12:36.984"/>
</kw>
<status status="PASS" starttime="20210909 09:12:32.454" endtime="20210909 09:12:36.984"/>
</test>
<kw name="Close All Browsers" library="SeleniumLibrary" type="TEARDOWN">
<doc>Closes all open browsers and resets the browser cache.</doc>
<status status="PASS" starttime="20210909 09:12:36.985" endtime="20210909 09:12:36.985"/>
</kw>
<status status="PASS" starttime="20210909 09:12:29.822" endtime="20210909 09:12:36.985"/>
</suite>
<status status="PASS" starttime="20210909 09:12:24.224" endtime="20210909 09:12:36.986"/>
</suite>
<statistics>
<total>
<stat pass="2" fail="0" skip="0">All Tests</stat>
</total>
<tag>
</tag>
<suite>
<stat pass="2" fail="0" skip="0" id="s1" name="TestCases">TestCases</stat>
<stat pass="1" fail="0" skip="0" id="s1-s1" name="LoginTest">TestCases.LoginTest</stat>
<stat pass="1" fail="0" skip="0" id="s1-s2" name="Registertation">TestCases.Registertation</stat>
</suite>
</statistics>
<errors>
</errors>
</robot>
